0 info it worked if it ends with ok
1 verbose cli [ 'node',
1 verbose cli   '/usr/local/bin/npm',
1 verbose cli   'install',
1 verbose cli   '-g',
1 verbose cli   'generator-angular' ]
2 info using npm@1.4.28
3 info using node@v0.10.32
4 verbose cache add [ 'generator-angular', null ]
5 verbose cache add name=undefined spec="generator-angular" args=["generator-angular",null]
6 verbose parsed url { protocol: null,
6 verbose parsed url   slashes: null,
6 verbose parsed url   auth: null,
6 verbose parsed url   host: null,
6 verbose parsed url   port: null,
6 verbose parsed url   hostname: null,
6 verbose parsed url   hash: null,
6 verbose parsed url   search: null,
6 verbose parsed url   query: null,
6 verbose parsed url   pathname: 'generator-angular',
6 verbose parsed url   path: 'generator-angular',
6 verbose parsed url   href: 'generator-angular' }
7 silly lockFile 458e0b50-generator-angular generator-angular
8 verbose lock generator-angular /Users/chirag/.npm/458e0b50-generator-angular.lock
9 silly lockFile 458e0b50-generator-angular generator-angular
10 silly lockFile 458e0b50-generator-angular generator-angular
11 verbose addNamed [ 'generator-angular', '' ]
12 verbose addNamed [ null, '*' ]
13 silly lockFile 0345f598-generator-angular generator-angular@
14 verbose lock generator-angular@ /Users/chirag/.npm/0345f598-generator-angular.lock
15 silly addNameRange { name: 'generator-angular', range: '*', hasData: false }
16 verbose request where is /generator-angular
17 verbose request registry https://registry.npmjs.org/
18 verbose request id fbcd5ac06994ab65
19 verbose url raw /generator-angular
20 verbose url resolving [ 'https://registry.npmjs.org/', './generator-angular' ]
21 verbose url resolved https://registry.npmjs.org/generator-angular
22 verbose request where is https://registry.npmjs.org/generator-angular
23 info trying registry request attempt 1 at 11:42:05
24 verbose etag "7MINRSN0G34LJPCQO2PNWIUR0"
25 http GET https://registry.npmjs.org/generator-angular
26 http 304 https://registry.npmjs.org/generator-angular
27 silly registry.get cb [ 304,
27 silly registry.get   { date: 'Wed, 29 Oct 2014 06:11:20 GMT',
27 silly registry.get     server: 'Apache',
27 silly registry.get     via: '1.1 varnish',
27 silly registry.get     'last-modified': 'Wed, 29 Oct 2014 06:11:20 GMT',
27 silly registry.get     'cache-control': 'max-age=60',
27 silly registry.get     etag: '"7MINRSN0G34LJPCQO2PNWIUR0"',
27 silly registry.get     age: '0',
27 silly registry.get     'x-served-by': 'cache-sn89-SIN',
27 silly registry.get     'x-cache': 'HIT',
27 silly registry.get     'x-cache-hits': '1',
27 silly registry.get     'x-timer': 'S1414563080.331622,VS0,VE243',
27 silly registry.get     vary: 'Accept',
27 silly registry.get     'content-length': '0',
27 silly registry.get     'keep-alive': 'timeout=10, max=50',
27 silly registry.get     connection: 'Keep-Alive' } ]
28 verbose etag https://registry.npmjs.org/generator-angular from cache
29 silly addNameRange number 2 { name: 'generator-angular', range: '*', hasData: true }
30 silly addNameRange versions [ 'generator-angular',
30 silly addNameRange   [ '0.1.0',
30 silly addNameRange     '0.1.1',
30 silly addNameRange     '0.1.2',
30 silly addNameRange     '0.1.3',
30 silly addNameRange     '0.1.4',
30 silly addNameRange     '0.1.5',
30 silly addNameRange     '0.2.0',
30 silly addNameRange     '0.2.1',
30 silly addNameRange     '0.2.2',
30 silly addNameRange     '0.3.0',
30 silly addNameRange     '0.3.1',
30 silly addNameRange     '0.4.0',
30 silly addNameRange     '0.5.0',
30 silly addNameRange     '0.5.1',
30 silly addNameRange     '0.6.0-rc.1',
30 silly addNameRange     '0.6.0-rc.2',
30 silly addNameRange     '0.6.0',
30 silly addNameRange     '0.7.0',
30 silly addNameRange     '0.7.1',
30 silly addNameRange     '0.8.0',
30 silly addNameRange     '0.9.0-0',
30 silly addNameRange     '0.9.0-1',
30 silly addNameRange     '0.9.0',
30 silly addNameRange     '0.9.1',
30 silly addNameRange     '0.9.2',
30 silly addNameRange     '0.9.3',
30 silly addNameRange     '0.9.5',
30 silly addNameRange     '0.9.6',
30 silly addNameRange     '0.9.7',
30 silly addNameRange     '0.9.8' ] ]
31 verbose addNamed [ 'generator-angular', '0.9.8' ]
32 verbose addNamed [ '0.9.8', '0.9.8' ]
33 silly lockFile 8fd76f24-generator-angular-0-9-8 generator-angular@0.9.8
34 verbose lock generator-angular@0.9.8 /Users/chirag/.npm/8fd76f24-generator-angular-0-9-8.lock
35 silly lockFile 8fd76f24-generator-angular-0-9-8 generator-angular@0.9.8
36 silly lockFile 8fd76f24-generator-angular-0-9-8 generator-angular@0.9.8
37 silly lockFile 0345f598-generator-angular generator-angular@
38 silly lockFile 0345f598-generator-angular generator-angular@
39 silly resolved [ { name: 'generator-angular',
39 silly resolved     version: '0.9.8',
39 silly resolved     description: 'Yeoman generator for AngularJS',
39 silly resolved     keywords:
39 silly resolved      [ 'yeoman-generator',
39 silly resolved        'scaffold',
39 silly resolved        'framework',
39 silly resolved        'component',
39 silly resolved        'front-end',
39 silly resolved        'app',
39 silly resolved        'angular' ],
39 silly resolved     author: { name: 'The Yeoman Team' },
39 silly resolved     main: 'app/index.js',
39 silly resolved     files:
39 silly resolved      [ 'app',
39 silly resolved        'common',
39 silly resolved        'constant',
39 silly resolved        'controller',
39 silly resolved        'decorator',
39 silly resolved        'directive',
39 silly resolved        'factory',
39 silly resolved        'filter',
39 silly resolved        'main',
39 silly resolved        'provider',
39 silly resolved        'route',
39 silly resolved        'service',
39 silly resolved        'templates',
39 silly resolved        'value',
39 silly resolved        'view',
39 silly resolved        'script-base.js',
39 silly resolved        'util.js' ],
39 silly resolved     repository:
39 silly resolved      { type: 'git',
39 silly resolved        url: 'https://github.com/yeoman/generator-angular' },
39 silly resolved     scripts: { test: 'mocha' },
39 silly resolved     dependencies:
39 silly resolved      { wiredep: '^1.0.0',
39 silly resolved        'yeoman-generator': '^0.16.0',
39 silly resolved        yosay: '^0.2.0',
39 silly resolved        chalk: '^0.4.0' },
39 silly resolved     peerDependencies: { 'generator-karma': '>=0.8.2', yo: '>=1.0.0' },
39 silly resolved     devDependencies:
39 silly resolved      { grunt: '~0.4.1',
39 silly resolved        'grunt-contrib-jshint': '~0.8.0',
39 silly resolved        'grunt-conventional-changelog': '~1.1.0',
39 silly resolved        'grunt-release': '~0.6.0',
39 silly resolved        'load-grunt-tasks': '~0.3.0',
39 silly resolved        mocha: '*',
39 silly resolved        semver: '~2.3.0',
39 silly resolved        'underscore.string': '~2.3.1' },
39 silly resolved     engines: { node: '>=0.10.0', npm: '>=1.2.10' },
39 silly resolved     licenses: [ [Object] ],
39 silly resolved     gitHead: '30109d0868b0cfd304ccbf44fa75ee7f84742e32',
39 silly resolved     bugs: { url: 'https://github.com/yeoman/generator-angular/issues' },
39 silly resolved     homepage: 'https://github.com/yeoman/generator-angular',
39 silly resolved     _id: 'generator-angular@0.9.8',
39 silly resolved     _shasum: '7e0c98e0cbf3289d13409486637ba3257a2ab1ea',
39 silly resolved     _from: 'generator-angular@',
39 silly resolved     _npmVersion: '1.4.23',
39 silly resolved     _npmUser: { name: 'eddiemonge', email: 'eddie+npm@eddiemonge.com' },
39 silly resolved     maintainers:
39 silly resolved      [ [Object],
39 silly resolved        [Object],
39 silly resolved        [Object],
39 silly resolved        [Object],
39 silly resolved        [Object],
39 silly resolved        [Object],
39 silly resolved        [Object] ],
39 silly resolved     dist:
39 silly resolved      { shasum: '7e0c98e0cbf3289d13409486637ba3257a2ab1ea',
39 silly resolved        tarball: 'http://registry.npmjs.org/generator-angular/-/generator-angular-0.9.8.tgz' },
39 silly resolved     directories: {},
39 silly resolved     _resolved: 'https://registry.npmjs.org/generator-angular/-/generator-angular-0.9.8.tgz',
39 silly resolved     readme: 'ERROR: No README data found!' } ]
40 info install generator-angular@0.9.8 into /usr/local/lib
41 info installOne generator-angular@0.9.8
42 verbose lib/node_modules/generator-angular unbuild
43 verbose tar unpack /Users/chirag/.npm/generator-angular/0.9.8/package.tgz
44 silly lockFile 919d8aa6-b-node-modules-generator-angular tar:///usr/local/lib/node_modules/generator-angular
45 verbose lock tar:///usr/local/lib/node_modules/generator-angular /Users/chirag/.npm/919d8aa6-b-node-modules-generator-angular.lock
46 silly lockFile 06a6c230-erator-angular-0-9-8-package-tgz tar:///Users/chirag/.npm/generator-angular/0.9.8/package.tgz
47 verbose lock tar:///Users/chirag/.npm/generator-angular/0.9.8/package.tgz /Users/chirag/.npm/06a6c230-erator-angular-0-9-8-package-tgz.lock
48 silly gunzTarPerm modes [ '755', '644' ]
49 error Error: EACCES, mkdir '/usr/local/lib/node_modules/generator-angular'
49 error  { [Error: EACCES, mkdir '/usr/local/lib/node_modules/generator-angular']
49 error   errno: 3,
49 error   code: 'EACCES',
49 error   path: '/usr/local/lib/node_modules/generator-angular',
49 error   fstream_type: 'Directory',
49 error   fstream_path: '/usr/local/lib/node_modules/generator-angular',
49 error   fstream_class: 'DirWriter',
49 error   fstream_stack:
49 error    [ '/usr/local/lib/node_modules/npm/node_modules/fstream/lib/dir-writer.js:36:23',
49 error      '/usr/local/lib/node_modules/npm/node_modules/mkdirp/index.js:46:53',
49 error      'Object.oncomplete (fs.js:107:15)' ] }
50 error Please try running this command again as root/Administrator.
51 error System Darwin 13.4.0
52 error command "node" "/usr/local/bin/npm" "install" "-g" "generator-angular"
53 error cwd /Users/chirag/Desktop/test
54 error node -v v0.10.32
55 error npm -v 1.4.28
56 error path /usr/local/lib/node_modules/generator-angular
57 error fstream_path /usr/local/lib/node_modules/generator-angular
58 error fstream_type Directory
59 error fstream_class DirWriter
60 error code EACCES
61 error errno 3
62 error stack Error: EACCES, mkdir '/usr/local/lib/node_modules/generator-angular'
63 error fstream_stack /usr/local/lib/node_modules/npm/node_modules/fstream/lib/dir-writer.js:36:23
63 error fstream_stack /usr/local/lib/node_modules/npm/node_modules/mkdirp/index.js:46:53
63 error fstream_stack Object.oncomplete (fs.js:107:15)
64 verbose exit [ 3, true ]
